{"D:\\AlyvroService\\api-service\\main\\index.ts": {"path":"D:\\AlyvroService\\api-service\\main\\index.ts","all":true,"statementMap":{"0":{"start":{"line":1,"column":0},"end":{"line":1,"column":30}},"1":{"start":{"line":2,"column":0},"end":{"line":2,"column":31}},"3":{"start":{"line":4,"column":0},"end":{"line":4,"column":43}}},"s":{"0":0,"1":0,"3":0},"branchMap":{"0":{"type":"branch","line":1,"loc":{"start":{"line":1,"column":136},"end":{"line":6,"column":22}},"locations":[{"start":{"line":1,"column":136},"end":{"line":6,"column":22}}]}},"b":{"0":[0]},"fnMap":{"0":{"name":"(empty-report)","decl":{"start":{"line":1,"column":136},"end":{"line":6,"column":22}},"loc":{"start":{"line":1,"column":136},"end":{"line":6,"column":22}},"line":1}},"f":{"0":0}}
,"D:\\AlyvroService\\api-service\\main\\plugins.ts": {"path":"D:\\AlyvroService\\api-service\\main\\plugins.ts","all":true,"statementMap":{"0":{"start":{"line":1,"column":0},"end":{"line":1,"column":26}}},"s":{"0":0},"branchMap":{"0":{"type":"branch","line":1,"loc":{"start":{"line":1,"column":0},"end":{"line":1,"column":26}},"locations":[{"start":{"line":1,"column":0},"end":{"line":1,"column":26}}]}},"b":{"0":[0]},"fnMap":{"0":{"name":"(empty-report)","decl":{"start":{"line":1,"column":0},"end":{"line":1,"column":26}},"loc":{"start":{"line":1,"column":0},"end":{"line":1,"column":26}},"line":1}},"f":{"0":0}}
,"D:\\AlyvroService\\api-service\\main\\types.ts": {"path":"D:\\AlyvroService\\api-service\\main\\types.ts","all":true,"statementMap":{},"s":{},"branchMap":{"0":{"type":"branch","line":1,"loc":{"start":{"line":1,"column":75},"end":{"line":3,"column":35}},"locations":[{"start":{"line":1,"column":75},"end":{"line":3,"column":35}}]}},"b":{"0":[1]},"fnMap":{"0":{"name":"(empty-report)","decl":{"start":{"line":1,"column":75},"end":{"line":3,"column":35}},"loc":{"start":{"line":1,"column":75},"end":{"line":3,"column":35}},"line":1}},"f":{"0":1}}
,"D:\\AlyvroService\\api-service\\scripts\\remove-dist.ts": {"path":"D:\\AlyvroService\\api-service\\scripts\\remove-dist.ts","all":true,"statementMap":{"0":{"start":{"line":1,"column":0},"end":{"line":1,"column":40}},"1":{"start":{"line":2,"column":0},"end":{"line":2,"column":28}},"3":{"start":{"line":4,"column":0},"end":{"line":4,"column":47}},"5":{"start":{"line":6,"column":0},"end":{"line":6,"column":19}},"6":{"start":{"line":7,"column":0},"end":{"line":7,"column":29}},"7":{"start":{"line":8,"column":0},"end":{"line":8,"column":55}},"8":{"start":{"line":9,"column":0},"end":{"line":9,"column":42}},"9":{"start":{"line":10,"column":0},"end":{"line":10,"column":10}},"10":{"start":{"line":11,"column":0},"end":{"line":11,"column":43}},"11":{"start":{"line":12,"column":0},"end":{"line":12,"column":3}},"12":{"start":{"line":13,"column":0},"end":{"line":13,"column":1}},"14":{"start":{"line":15,"column":0},"end":{"line":15,"column":9}}},"s":{"0":0,"1":0,"3":0,"5":0,"6":0,"7":0,"8":0,"9":0,"10":0,"11":0,"12":0,"14":0},"branchMap":{"0":{"type":"branch","line":1,"loc":{"start":{"line":1,"column":0},"end":{"line":15,"column":-157}},"locations":[{"start":{"line":1,"column":0},"end":{"line":15,"column":-157}}]}},"b":{"0":[0]},"fnMap":{"0":{"name":"(empty-report)","decl":{"start":{"line":1,"column":0},"end":{"line":15,"column":-157}},"loc":{"start":{"line":1,"column":0},"end":{"line":15,"column":-157}},"line":1}},"f":{"0":0}}
,"D:\\AlyvroService\\api-service\\src\\client\\api.ts": {"path":"D:\\AlyvroService\\api-service\\src\\client\\api.ts","all":false,"statementMap":{"0":{"start":{"line":1,"column":0},"end":{"line":1,"column":40}},"2":{"start":{"line":3,"column":0},"end":{"line":3,"column":34}},"3":{"start":{"line":4,"column":0},"end":{"line":4,"column":58}},"4":{"start":{"line":5,"column":0},"end":{"line":5,"column":31}},"5":{"start":{"line":6,"column":0},"end":{"line":6,"column":44}},"7":{"start":{"line":8,"column":0},"end":{"line":8,"column":21}},"9":{"start":{"line":10,"column":0},"end":{"line":10,"column":25}},"10":{"start":{"line":11,"column":0},"end":{"line":11,"column":14}},"11":{"start":{"line":12,"column":0},"end":{"line":12,"column":31}},"12":{"start":{"line":13,"column":0},"end":{"line":13,"column":21}},"13":{"start":{"line":14,"column":0},"end":{"line":14,"column":3}},"14":{"start":{"line":15,"column":0},"end":{"line":15,"column":28}},"15":{"start":{"line":16,"column":0},"end":{"line":16,"column":17}},"16":{"start":{"line":17,"column":0},"end":{"line":17,"column":9}},"17":{"start":{"line":18,"column":0},"end":{"line":18,"column":5}},"19":{"start":{"line":20,"column":0},"end":{"line":20,"column":44}},"20":{"start":{"line":21,"column":0},"end":{"line":21,"column":47}},"21":{"start":{"line":22,"column":0},"end":{"line":22,"column":33}},"23":{"start":{"line":24,"column":0},"end":{"line":24,"column":46}},"24":{"start":{"line":25,"column":0},"end":{"line":25,"column":44}},"25":{"start":{"line":26,"column":0},"end":{"line":26,"column":24}},"26":{"start":{"line":27,"column":0},"end":{"line":27,"column":28}},"27":{"start":{"line":28,"column":0},"end":{"line":28,"column":6}},"28":{"start":{"line":29,"column":0},"end":{"line":29,"column":73}},"29":{"start":{"line":30,"column":0},"end":{"line":30,"column":62}},"31":{"start":{"line":32,"column":0},"end":{"line":32,"column":53}},"32":{"start":{"line":33,"column":0},"end":{"line":33,"column":46}},"33":{"start":{"line":34,"column":0},"end":{"line":34,"column":34}},"34":{"start":{"line":35,"column":0},"end":{"line":35,"column":50}},"35":{"start":{"line":36,"column":0},"end":{"line":36,"column":5}},"37":{"start":{"line":38,"column":0},"end":{"line":38,"column":39}},"38":{"start":{"line":39,"column":0},"end":{"line":39,"column":38}},"39":{"start":{"line":40,"column":0},"end":{"line":40,"column":39}},"40":{"start":{"line":41,"column":0},"end":{"line":41,"column":23}},"41":{"start":{"line":42,"column":0},"end":{"line":42,"column":39}},"42":{"start":{"line":43,"column":0},"end":{"line":43,"column":8}},"43":{"start":{"line":44,"column":0},"end":{"line":44,"column":5}},"45":{"start":{"line":46,"column":0},"end":{"line":46,"column":18}},"46":{"start":{"line":47,"column":0},"end":{"line":47,"column":5}},"48":{"start":{"line":49,"column":0},"end":{"line":49,"column":42}},"49":{"start":{"line":50,"column":0},"end":{"line":50,"column":24}},"51":{"start":{"line":52,"column":0},"end":{"line":52,"column":8}},"52":{"start":{"line":53,"column":0},"end":{"line":53,"column":51}},"53":{"start":{"line":54,"column":0},"end":{"line":54,"column":31}},"54":{"start":{"line":55,"column":0},"end":{"line":55,"column":7}},"55":{"start":{"line":56,"column":0},"end":{"line":56,"column":11}},"56":{"start":{"line":57,"column":0},"end":{"line":57,"column":66}},"57":{"start":{"line":58,"column":0},"end":{"line":58,"column":23}},"58":{"start":{"line":59,"column":0},"end":{"line":59,"column":62}},"59":{"start":{"line":60,"column":0},"end":{"line":60,"column":7}},"60":{"start":{"line":61,"column":0},"end":{"line":61,"column":5}},"62":{"start":{"line":63,"column":0},"end":{"line":63,"column":24}},"64":{"start":{"line":65,"column":0},"end":{"line":65,"column":37}},"65":{"start":{"line":66,"column":0},"end":{"line":66,"column":34}},"66":{"start":{"line":67,"column":0},"end":{"line":67,"column":73}},"67":{"start":{"line":68,"column":0},"end":{"line":68,"column":5}},"69":{"start":{"line":70,"column":0},"end":{"line":70,"column":36}},"70":{"start":{"line":71,"column":0},"end":{"line":71,"column":5}},"72":{"start":{"line":73,"column":0},"end":{"line":73,"column":13}},"74":{"start":{"line":75,"column":0},"end":{"line":75,"column":13}},"75":{"start":{"line":76,"column":0},"end":{"line":76,"column":1}}},"s":{"0":1,"2":1,"3":1,"4":1,"5":1,"7":1,"9":3,"10":3,"11":3,"12":3,"13":3,"14":3,"15":3,"16":3,"17":3,"19":3,"20":13,"21":13,"23":13,"24":13,"25":13,"26":13,"27":13,"28":13,"29":13,"31":13,"32":0,"33":0,"34":0,"35":0,"37":13,"38":0,"39":0,"40":0,"41":0,"42":0,"43":0,"45":13,"46":3,"48":3,"49":7,"51":7,"52":7,"53":0,"54":7,"55":0,"56":0,"57":0,"58":0,"59":0,"60":0,"62":7,"64":7,"65":6,"66":6,"67":6,"69":1,"70":3,"72":3,"74":3,"75":3},"branchMap":{"0":{"type":"branch","line":10,"loc":{"start":{"line":10,"column":0},"end":{"line":76,"column":1}},"locations":[{"start":{"line":10,"column":0},"end":{"line":76,"column":1}}]},"1":{"type":"branch","line":20,"loc":{"start":{"line":20,"column":31},"end":{"line":47,"column":3}},"locations":[{"start":{"line":20,"column":31},"end":{"line":47,"column":3}}]},"2":{"type":"branch","line":29,"loc":{"start":{"line":29,"column":43},"end":{"line":29,"column":58}},"locations":[{"start":{"line":29,"column":43},"end":{"line":29,"column":58}}]},"3":{"type":"branch","line":29,"loc":{"start":{"line":29,"column":51},"end":{"line":29,"column":66}},"locations":[{"start":{"line":29,"column":51},"end":{"line":29,"column":66}}]},"4":{"type":"branch","line":32,"loc":{"start":{"line":32,"column":15},"end":{"line":32,"column":38}},"locations":[{"start":{"line":32,"column":15},"end":{"line":32,"column":38}}]},"5":{"type":"branch","line":32,"loc":{"start":{"line":32,"column":24},"end":{"line":32,"column":52}},"locations":[{"start":{"line":32,"column":24},"end":{"line":32,"column":52}}]},"6":{"type":"branch","line":32,"loc":{"start":{"line":32,"column":52},"end":{"line":36,"column":5}},"locations":[{"start":{"line":32,"column":52},"end":{"line":36,"column":5}}]},"7":{"type":"branch","line":38,"loc":{"start":{"line":38,"column":8},"end":{"line":38,"column":24}},"locations":[{"start":{"line":38,"column":8},"end":{"line":38,"column":24}}]},"8":{"type":"branch","line":38,"loc":{"start":{"line":38,"column":16},"end":{"line":38,"column":38}},"locations":[{"start":{"line":38,"column":16},"end":{"line":38,"column":38}}]},"9":{"type":"branch","line":38,"loc":{"start":{"line":38,"column":38},"end":{"line":44,"column":5}},"locations":[{"start":{"line":38,"column":38},"end":{"line":44,"column":5}}]},"10":{"type":"branch","line":49,"loc":{"start":{"line":49,"column":32},"end":{"line":71,"column":3}},"locations":[{"start":{"line":49,"column":32},"end":{"line":71,"column":3}}]},"11":{"type":"branch","line":53,"loc":{"start":{"line":53,"column":42},"end":{"line":54,"column":31}},"locations":[{"start":{"line":53,"column":42},"end":{"line":54,"column":31}}]},"12":{"type":"branch","line":55,"loc":{"start":{"line":55,"column":6},"end":{"line":61,"column":5}},"locations":[{"start":{"line":55,"column":6},"end":{"line":61,"column":5}}]},"13":{"type":"branch","line":65,"loc":{"start":{"line":65,"column":36},"end":{"line":68,"column":5}},"locations":[{"start":{"line":65,"column":36},"end":{"line":68,"column":5}}]},"14":{"type":"branch","line":68,"loc":{"start":{"line":68,"column":4},"end":{"line":70,"column":36}},"locations":[{"start":{"line":68,"column":4},"end":{"line":70,"column":36}}]}},"b":{"0":[3],"1":[13],"2":[0],"3":[0],"4":[12],"5":[0],"6":[0],"7":[0],"8":[0],"9":[0],"10":[7],"11":[0],"12":[0],"13":[6],"14":[1]},"fnMap":{"0":{"name":"__vite_ssr_export_default__","decl":{"start":{"line":10,"column":0},"end":{"line":76,"column":1}},"loc":{"start":{"line":10,"column":0},"end":{"line":76,"column":1}},"line":10}},"f":{"0":3}}
,"D:\\AlyvroService\\api-service\\src\\client\\fetcher.ts": {"path":"D:\\AlyvroService\\api-service\\src\\client\\fetcher.ts","all":true,"statementMap":{"0":{"start":{"line":1,"column":0},"end":{"line":1,"column":45}},"1":{"start":{"line":2,"column":0},"end":{"line":2,"column":45}},"3":{"start":{"line":4,"column":0},"end":{"line":4,"column":31}},"5":{"start":{"line":6,"column":0},"end":{"line":6,"column":21}},"7":{"start":{"line":8,"column":0},"end":{"line":8,"column":51}},"8":{"start":{"line":9,"column":0},"end":{"line":9,"column":16}},"9":{"start":{"line":10,"column":0},"end":{"line":10,"column":36}},"10":{"start":{"line":11,"column":0},"end":{"line":11,"column":3}},"11":{"start":{"line":12,"column":0},"end":{"line":12,"column":36}},"13":{"start":{"line":14,"column":0},"end":{"line":14,"column":52}},"15":{"start":{"line":16,"column":0},"end":{"line":16,"column":36}},"19":{"start":{"line":20,"column":0},"end":{"line":20,"column":39}},"20":{"start":{"line":21,"column":0},"end":{"line":21,"column":47}},"22":{"start":{"line":23,"column":0},"end":{"line":23,"column":16}},"23":{"start":{"line":24,"column":0},"end":{"line":24,"column":25}},"24":{"start":{"line":25,"column":0},"end":{"line":25,"column":70}},"25":{"start":{"line":26,"column":0},"end":{"line":26,"column":27}},"26":{"start":{"line":27,"column":0},"end":{"line":27,"column":8}},"27":{"start":{"line":28,"column":0},"end":{"line":28,"column":6}},"28":{"start":{"line":29,"column":0},"end":{"line":29,"column":46}},"29":{"start":{"line":30,"column":0},"end":{"line":30,"column":65}},"31":{"start":{"line":32,"column":0},"end":{"line":32,"column":43}},"32":{"start":{"line":33,"column":0},"end":{"line":33,"column":18}},"33":{"start":{"line":34,"column":0},"end":{"line":34,"column":24}},"34":{"start":{"line":35,"column":0},"end":{"line":35,"column":18}},"35":{"start":{"line":36,"column":0},"end":{"line":36,"column":77}},"36":{"start":{"line":37,"column":0},"end":{"line":37,"column":8}},"37":{"start":{"line":38,"column":0},"end":{"line":38,"column":5}},"39":{"start":{"line":40,"column":0},"end":{"line":40,"column":34}},"40":{"start":{"line":41,"column":0},"end":{"line":41,"column":54}},"41":{"start":{"line":42,"column":0},"end":{"line":42,"column":5}},"43":{"start":{"line":44,"column":0},"end":{"line":44,"column":19}},"44":{"start":{"line":45,"column":0},"end":{"line":45,"column":4}},"46":{"start":{"line":47,"column":0},"end":{"line":47,"column":38}},"47":{"start":{"line":48,"column":0},"end":{"line":48,"column":12}},"48":{"start":{"line":49,"column":0},"end":{"line":49,"column":28}},"49":{"start":{"line":50,"column":0},"end":{"line":50,"column":4}},"51":{"start":{"line":52,"column":0},"end":{"line":52,"column":37}},"62":{"start":{"line":63,"column":0},"end":{"line":63,"column":30}},"63":{"start":{"line":64,"column":0},"end":{"line":64,"column":49}},"65":{"start":{"line":66,"column":0},"end":{"line":66,"column":56}},"66":{"start":{"line":67,"column":0},"end":{"line":67,"column":36}},"68":{"start":{"line":69,"column":0},"end":{"line":69,"column":65}},"69":{"start":{"line":70,"column":0},"end":{"line":70,"column":5}},"71":{"start":{"line":72,"column":0},"end":{"line":72,"column":8}},"72":{"start":{"line":73,"column":0},"end":{"line":73,"column":42}},"73":{"start":{"line":74,"column":0},"end":{"line":74,"column":54}},"74":{"start":{"line":75,"column":0},"end":{"line":75,"column":7}},"75":{"start":{"line":76,"column":0},"end":{"line":76,"column":36}},"77":{"start":{"line":78,"column":0},"end":{"line":78,"column":65}},"78":{"start":{"line":79,"column":0},"end":{"line":79,"column":5}},"80":{"start":{"line":81,"column":0},"end":{"line":81,"column":35}},"81":{"start":{"line":82,"column":0},"end":{"line":82,"column":3}},"83":{"start":{"line":84,"column":0},"end":{"line":84,"column":36}},"84":{"start":{"line":85,"column":0},"end":{"line":85,"column":1}}},"s":{"0":0,"1":0,"3":0,"5":0,"7":0,"8":0,"9":0,"10":0,"11":0,"13":0,"15":0,"19":0,"20":0,"22":0,"23":0,"24":0,"25":0,"26":0,"27":0,"28":0,"29":0,"31":0,"32":0,"33":0,"34":0,"35":0,"36":0,"37":0,"39":0,"40":0,"41":0,"43":0,"44":0,"46":0,"47":0,"48":0,"49":0,"51":0,"62":0,"63":0,"65":0,"66":0,"68":0,"69":0,"71":0,"72":0,"73":0,"74":0,"75":0,"77":0,"78":0,"80":0,"81":0,"83":0,"84":0},"branchMap":{"0":{"type":"branch","line":1,"loc":{"start":{"line":1,"column":2263},"end":{"line":85,"column":1}},"locations":[{"start":{"line":1,"column":2263},"end":{"line":85,"column":1}}]}},"b":{"0":[0]},"fnMap":{"0":{"name":"(empty-report)","decl":{"start":{"line":1,"column":2263},"end":{"line":85,"column":1}},"loc":{"start":{"line":1,"column":2263},"end":{"line":85,"column":1}},"line":1}},"f":{"0":0}}
,"D:\\AlyvroService\\api-service\\src\\config\\main.ts": {"path":"D:\\AlyvroService\\api-service\\src\\config\\main.ts","all":true,"statementMap":{"0":{"start":{"line":1,"column":0},"end":{"line":1,"column":31}},"1":{"start":{"line":2,"column":0},"end":{"line":2,"column":39}},"2":{"start":{"line":3,"column":0},"end":{"line":3,"column":59}},"3":{"start":{"line":4,"column":0},"end":{"line":4,"column":45}},"4":{"start":{"line":5,"column":0},"end":{"line":5,"column":45}},"5":{"start":{"line":6,"column":0},"end":{"line":6,"column":53}},"8":{"start":{"line":9,"column":0},"end":{"line":9,"column":48}},"9":{"start":{"line":10,"column":0},"end":{"line":10,"column":32}},"10":{"start":{"line":11,"column":0},"end":{"line":11,"column":15}},"12":{"start":{"line":13,"column":0},"end":{"line":13,"column":71}},"13":{"start":{"line":14,"column":0},"end":{"line":14,"column":68}},"15":{"start":{"line":16,"column":0},"end":{"line":16,"column":36}},"16":{"start":{"line":17,"column":0},"end":{"line":17,"column":22}},"17":{"start":{"line":18,"column":0},"end":{"line":18,"column":24}},"18":{"start":{"line":19,"column":0},"end":{"line":19,"column":51}},"19":{"start":{"line":20,"column":0},"end":{"line":20,"column":62}},"20":{"start":{"line":21,"column":0},"end":{"line":21,"column":8}},"21":{"start":{"line":22,"column":0},"end":{"line":22,"column":5}},"23":{"start":{"line":24,"column":0},"end":{"line":24,"column":22}},"24":{"start":{"line":25,"column":0},"end":{"line":25,"column":13}},"25":{"start":{"line":26,"column":0},"end":{"line":26,"column":12}},"26":{"start":{"line":27,"column":0},"end":{"line":27,"column":32}},"27":{"start":{"line":28,"column":0},"end":{"line":28,"column":30}},"28":{"start":{"line":29,"column":0},"end":{"line":29,"column":8}},"29":{"start":{"line":30,"column":0},"end":{"line":30,"column":7}},"30":{"start":{"line":31,"column":0},"end":{"line":31,"column":3}},"32":{"start":{"line":33,"column":0},"end":{"line":33,"column":23}},"33":{"start":{"line":34,"column":0},"end":{"line":34,"column":12}},"34":{"start":{"line":35,"column":0},"end":{"line":35,"column":14}},"35":{"start":{"line":36,"column":0},"end":{"line":36,"column":67}},"36":{"start":{"line":37,"column":0},"end":{"line":37,"column":8}},"37":{"start":{"line":38,"column":0},"end":{"line":38,"column":14}},"38":{"start":{"line":39,"column":0},"end":{"line":39,"column":25}},"39":{"start":{"line":40,"column":0},"end":{"line":40,"column":8}},"40":{"start":{"line":41,"column":0},"end":{"line":41,"column":6}},"41":{"start":{"line":42,"column":0},"end":{"line":42,"column":3}},"43":{"start":{"line":44,"column":0},"end":{"line":44,"column":23}},"44":{"start":{"line":45,"column":0},"end":{"line":45,"column":12}},"45":{"start":{"line":46,"column":0},"end":{"line":46,"column":17}},"46":{"start":{"line":47,"column":0},"end":{"line":47,"column":6}},"47":{"start":{"line":48,"column":0},"end":{"line":48,"column":3}},"49":{"start":{"line":50,"column":0},"end":{"line":50,"column":24}},"50":{"start":{"line":51,"column":0},"end":{"line":51,"column":12}},"51":{"start":{"line":52,"column":0},"end":{"line":52,"column":14}},"52":{"start":{"line":53,"column":0},"end":{"line":53,"column":34}},"53":{"start":{"line":54,"column":0},"end":{"line":54,"column":8}},"54":{"start":{"line":55,"column":0},"end":{"line":55,"column":6}},"55":{"start":{"line":56,"column":0},"end":{"line":56,"column":3}},"56":{"start":{"line":57,"column":0},"end":{"line":57,"column":1}}},"s":{"0":0,"1":0,"2":0,"3":0,"4":0,"5":0,"8":0,"9":0,"10":0,"12":0,"13":0,"15":0,"16":0,"17":0,"18":0,"19":0,"20":0,"21":0,"23":0,"24":0,"25":0,"26":0,"27":0,"28":0,"29":0,"30":0,"32":0,"33":0,"34":0,"35":0,"36":0,"37":0,"38":0,"39":0,"40":0,"41":0,"43":0,"44":0,"45":0,"46":0,"47":0,"49":0,"50":0,"51":0,"52":0,"53":0,"54":0,"55":0,"56":0},"branchMap":{"0":{"type":"branch","line":1,"loc":{"start":{"line":1,"column":1345},"end":{"line":57,"column":1}},"locations":[{"start":{"line":1,"column":1345},"end":{"line":57,"column":1}}]}},"b":{"0":[0]},"fnMap":{"0":{"name":"(empty-report)","decl":{"start":{"line":1,"column":1345},"end":{"line":57,"column":1}},"loc":{"start":{"line":1,"column":1345},"end":{"line":57,"column":1}},"line":1}},"f":{"0":0}}
,"D:\\AlyvroService\\api-service\\src\\error\\api-error.ts": {"path":"D:\\AlyvroService\\api-service\\src\\error\\api-error.ts","all":true,"statementMap":{"2":{"start":{"line":3,"column":0},"end":{"line":3,"column":46}},"3":{"start":{"line":4,"column":0},"end":{"line":4,"column":24}},"4":{"start":{"line":5,"column":0},"end":{"line":5,"column":28}},"5":{"start":{"line":6,"column":0},"end":{"line":6,"column":17}},"6":{"start":{"line":7,"column":0},"end":{"line":7,"column":47}},"7":{"start":{"line":8,"column":0},"end":{"line":8,"column":33}},"9":{"start":{"line":10,"column":0},"end":{"line":10,"column":14}},"10":{"start":{"line":11,"column":0},"end":{"line":11,"column":19}},"11":{"start":{"line":12,"column":0},"end":{"line":12,"column":23}},"12":{"start":{"line":13,"column":0},"end":{"line":13,"column":12}},"13":{"start":{"line":14,"column":0},"end":{"line":14,"column":27}},"14":{"start":{"line":15,"column":0},"end":{"line":15,"column":5}},"15":{"start":{"line":16,"column":0},"end":{"line":16,"column":50}},"16":{"start":{"line":17,"column":0},"end":{"line":17,"column":25}},"17":{"start":{"line":18,"column":0},"end":{"line":18,"column":33}},"18":{"start":{"line":19,"column":0},"end":{"line":19,"column":21}},"19":{"start":{"line":20,"column":0},"end":{"line":20,"column":25}},"20":{"start":{"line":21,"column":0},"end":{"line":21,"column":3}},"21":{"start":{"line":22,"column":0},"end":{"line":22,"column":1}}},"s":{"2":0,"3":0,"4":0,"5":0,"6":0,"7":0,"9":0,"10":0,"11":0,"12":0,"13":0,"14":0,"15":0,"16":0,"17":0,"18":0,"19":0,"20":0,"21":0},"branchMap":{"0":{"type":"branch","line":1,"loc":{"start":{"line":1,"column":548},"end":{"line":22,"column":1}},"locations":[{"start":{"line":1,"column":548},"end":{"line":22,"column":1}}]}},"b":{"0":[1]},"fnMap":{"0":{"name":"(empty-report)","decl":{"start":{"line":1,"column":548},"end":{"line":22,"column":1}},"loc":{"start":{"line":1,"column":548},"end":{"line":22,"column":1}},"line":1}},"f":{"0":1}}
,"D:\\AlyvroService\\api-service\\src\\network\\telegram.ts": {"path":"D:\\AlyvroService\\api-service\\src\\network\\telegram.ts","all":true,"statementMap":{"1":{"start":{"line":2,"column":0},"end":{"line":2,"column":36}},"2":{"start":{"line":3,"column":0},"end":{"line":3,"column":26}},"3":{"start":{"line":4,"column":0},"end":{"line":4,"column":35}},"5":{"start":{"line":6,"column":0},"end":{"line":6,"column":49}},"6":{"start":{"line":7,"column":0},"end":{"line":7,"column":65}},"7":{"start":{"line":8,"column":0},"end":{"line":8,"column":1}},"9":{"start":{"line":10,"column":0},"end":{"line":10,"column":30}},"10":{"start":{"line":11,"column":0},"end":{"line":11,"column":24}},"11":{"start":{"line":12,"column":0},"end":{"line":12,"column":26}},"12":{"start":{"line":13,"column":0},"end":{"line":13,"column":41}},"13":{"start":{"line":14,"column":0},"end":{"line":14,"column":27}},"15":{"start":{"line":16,"column":0},"end":{"line":16,"column":14}},"16":{"start":{"line":17,"column":0},"end":{"line":17,"column":18}},"17":{"start":{"line":18,"column":0},"end":{"line":18,"column":20}},"18":{"start":{"line":19,"column":0},"end":{"line":19,"column":35}},"19":{"start":{"line":20,"column":0},"end":{"line":20,"column":20}},"20":{"start":{"line":21,"column":0},"end":{"line":21,"column":5}},"21":{"start":{"line":22,"column":0},"end":{"line":22,"column":72}},"23":{"start":{"line":24,"column":0},"end":{"line":24,"column":23}},"24":{"start":{"line":25,"column":0},"end":{"line":25,"column":27}},"25":{"start":{"line":26,"column":0},"end":{"line":26,"column":19}},"26":{"start":{"line":27,"column":0},"end":{"line":27,"column":25}},"27":{"start":{"line":28,"column":0},"end":{"line":28,"column":3}},"29":{"start":{"line":30,"column":0},"end":{"line":30,"column":25}},"30":{"start":{"line":31,"column":0},"end":{"line":31,"column":25}},"31":{"start":{"line":32,"column":0},"end":{"line":32,"column":59}},"32":{"start":{"line":33,"column":0},"end":{"line":33,"column":7}},"33":{"start":{"line":34,"column":0},"end":{"line":34,"column":3}},"35":{"start":{"line":36,"column":0},"end":{"line":36,"column":21}},"36":{"start":{"line":37,"column":0},"end":{"line":37,"column":33}},"37":{"start":{"line":38,"column":0},"end":{"line":38,"column":4}},"39":{"start":{"line":40,"column":0},"end":{"line":40,"column":29}},"40":{"start":{"line":41,"column":0},"end":{"line":41,"column":9}},"41":{"start":{"line":42,"column":0},"end":{"line":42,"column":58}},"42":{"start":{"line":43,"column":0},"end":{"line":43,"column":30}},"43":{"start":{"line":44,"column":0},"end":{"line":44,"column":31}},"44":{"start":{"line":45,"column":0},"end":{"line":45,"column":78}},"45":{"start":{"line":46,"column":0},"end":{"line":46,"column":27}},"46":{"start":{"line":47,"column":0},"end":{"line":47,"column":57}},"47":{"start":{"line":48,"column":0},"end":{"line":48,"column":32}},"48":{"start":{"line":49,"column":0},"end":{"line":49,"column":49}},"49":{"start":{"line":50,"column":0},"end":{"line":50,"column":10}},"50":{"start":{"line":51,"column":0},"end":{"line":51,"column":33}},"51":{"start":{"line":52,"column":0},"end":{"line":52,"column":9}},"53":{"start":{"line":54,"column":0},"end":{"line":54,"column":24}},"54":{"start":{"line":55,"column":0},"end":{"line":55,"column":62}},"55":{"start":{"line":56,"column":0},"end":{"line":56,"column":7}},"56":{"start":{"line":57,"column":0},"end":{"line":57,"column":21}},"57":{"start":{"line":58,"column":0},"end":{"line":58,"column":24}},"58":{"start":{"line":59,"column":0},"end":{"line":59,"column":42}},"59":{"start":{"line":60,"column":0},"end":{"line":60,"column":17}},"60":{"start":{"line":61,"column":0},"end":{"line":61,"column":132}},"61":{"start":{"line":62,"column":0},"end":{"line":62,"column":19}},"62":{"start":{"line":63,"column":0},"end":{"line":63,"column":12}},"63":{"start":{"line":64,"column":0},"end":{"line":64,"column":16}},"64":{"start":{"line":65,"column":0},"end":{"line":65,"column":17}},"65":{"start":{"line":66,"column":0},"end":{"line":66,"column":77}},"66":{"start":{"line":67,"column":0},"end":{"line":67,"column":38}},"67":{"start":{"line":68,"column":0},"end":{"line":68,"column":15}},"68":{"start":{"line":69,"column":0},"end":{"line":69,"column":19}},"69":{"start":{"line":70,"column":0},"end":{"line":70,"column":12}},"70":{"start":{"line":71,"column":0},"end":{"line":71,"column":9}},"71":{"start":{"line":72,"column":0},"end":{"line":72,"column":7}},"72":{"start":{"line":73,"column":0},"end":{"line":73,"column":5}},"73":{"start":{"line":74,"column":0},"end":{"line":74,"column":4}},"74":{"start":{"line":75,"column":0},"end":{"line":75,"column":1}}},"s":{"1":0,"2":0,"3":0,"5":0,"6":0,"7":0,"9":0,"10":0,"11":0,"12":0,"13":0,"15":0,"16":0,"17":0,"18":0,"19":0,"20":0,"21":0,"23":0,"24":0,"25":0,"26":0,"27":0,"29":0,"30":0,"31":0,"32":0,"33":0,"35":0,"36":0,"37":0,"39":0,"40":0,"41":0,"42":0,"43":0,"44":0,"45":0,"46":0,"47":0,"48":0,"49":0,"50":0,"51":0,"53":0,"54":0,"55":0,"56":0,"57":0,"58":0,"59":0,"60":0,"61":0,"62":0,"63":0,"64":0,"65":0,"66":0,"67":0,"68":0,"69":0,"70":0,"71":0,"72":0,"73":0,"74":0},"branchMap":{"0":{"type":"branch","line":1,"loc":{"start":{"line":1,"column":2059},"end":{"line":75,"column":1}},"locations":[{"start":{"line":1,"column":2059},"end":{"line":75,"column":1}}]}},"b":{"0":[1]},"fnMap":{"0":{"name":"(empty-report)","decl":{"start":{"line":1,"column":2059},"end":{"line":75,"column":1}},"loc":{"start":{"line":1,"column":2059},"end":{"line":75,"column":1}},"line":1}},"f":{"0":1}}
,"D:\\AlyvroService\\api-service\\src\\plugins\\cancel.ts": {"path":"D:\\AlyvroService\\api-service\\src\\plugins\\cancel.ts","all":false,"statementMap":{"0":{"start":{"line":1,"column":0},"end":{"line":1,"column":44}},"1":{"start":{"line":2,"column":0},"end":{"line":2,"column":31}},"2":{"start":{"line":3,"column":0},"end":{"line":3,"column":2}}},"s":{"0":1,"1":1,"2":1},"branchMap":{"0":{"type":"branch","line":1,"loc":{"start":{"line":1,"column":37},"end":{"line":3,"column":2}},"locations":[{"start":{"line":1,"column":37},"end":{"line":3,"column":2}}]}},"b":{"0":[1]},"fnMap":{"0":{"name":"createAbortController","decl":{"start":{"line":1,"column":37},"end":{"line":3,"column":2}},"loc":{"start":{"line":1,"column":37},"end":{"line":3,"column":2}},"line":1}},"f":{"0":1}}
,"D:\\AlyvroService\\api-service\\src\\plugins\\index.ts": {"path":"D:\\AlyvroService\\api-service\\src\\plugins\\index.ts","all":false,"statementMap":{"0":{"start":{"line":1,"column":0},"end":{"line":1,"column":49}},"1":{"start":{"line":2,"column":0},"end":{"line":2,"column":32}},"2":{"start":{"line":3,"column":0},"end":{"line":3,"column":60}}},"s":{"0":1,"1":1,"2":1},"branchMap":{},"b":{},"fnMap":{},"f":{}}
,"D:\\AlyvroService\\api-service\\src\\plugins\\retry.ts": {"path":"D:\\AlyvroService\\api-service\\src\\plugins\\retry.ts","all":false,"statementMap":{"3":{"start":{"line":4,"column":0},"end":{"line":4,"column":51}},"4":{"start":{"line":5,"column":0},"end":{"line":5,"column":37}},"5":{"start":{"line":6,"column":0},"end":{"line":6,"column":17}},"6":{"start":{"line":7,"column":0},"end":{"line":7,"column":73}},"7":{"start":{"line":8,"column":0},"end":{"line":8,"column":34}},"8":{"start":{"line":9,"column":0},"end":{"line":9,"column":47}},"10":{"start":{"line":11,"column":0},"end":{"line":11,"column":45}},"12":{"start":{"line":13,"column":0},"end":{"line":13,"column":53}},"13":{"start":{"line":14,"column":0},"end":{"line":14,"column":71}},"15":{"start":{"line":16,"column":0},"end":{"line":16,"column":31}},"17":{"start":{"line":18,"column":0},"end":{"line":18,"column":37}},"18":{"start":{"line":19,"column":0},"end":{"line":19,"column":73}},"19":{"start":{"line":20,"column":0},"end":{"line":20,"column":39}},"21":{"start":{"line":22,"column":0},"end":{"line":22,"column":57}},"23":{"start":{"line":24,"column":0},"end":{"line":24,"column":38}},"24":{"start":{"line":25,"column":0},"end":{"line":25,"column":5}},"25":{"start":{"line":26,"column":0},"end":{"line":26,"column":4}},"26":{"start":{"line":27,"column":0},"end":{"line":27,"column":2}}},"s":{"3":1,"4":3,"5":3,"6":3,"7":6,"8":6,"10":6,"12":5,"13":6,"15":4,"17":4,"18":0,"19":4,"21":6,"23":4,"24":6,"25":3,"26":3},"branchMap":{"0":{"type":"branch","line":4,"loc":{"start":{"line":4,"column":21},"end":{"line":27,"column":2}},"locations":[{"start":{"line":4,"column":21},"end":{"line":27,"column":2}}]},"1":{"type":"branch","line":6,"loc":{"start":{"line":6,"column":4},"end":{"line":6,"column":17}},"locations":[{"start":{"line":6,"column":4},"end":{"line":6,"column":17}}]},"2":{"type":"branch","line":7,"loc":{"start":{"line":7,"column":4},"end":{"line":25,"column":5}},"locations":[{"start":{"line":7,"column":4},"end":{"line":25,"column":5}}]},"3":{"type":"branch","line":9,"loc":{"start":{"line":9,"column":32},"end":{"line":9,"column":47}},"locations":[{"start":{"line":9,"column":32},"end":{"line":9,"column":47}}]},"4":{"type":"branch","line":11,"loc":{"start":{"line":11,"column":33},"end":{"line":11,"column":45}},"locations":[{"start":{"line":11,"column":33},"end":{"line":11,"column":45}}]},"5":{"type":"branch","line":11,"loc":{"start":{"line":11,"column":39},"end":{"line":13,"column":53}},"locations":[{"start":{"line":11,"column":39},"end":{"line":13,"column":53}}]},"6":{"type":"branch","line":13,"loc":{"start":{"line":13,"column":35},"end":{"line":13,"column":53}},"locations":[{"start":{"line":13,"column":35},"end":{"line":13,"column":53}}]},"7":{"type":"branch","line":14,"loc":{"start":{"line":14,"column":44},"end":{"line":14,"column":59}},"locations":[{"start":{"line":14,"column":44},"end":{"line":14,"column":59}}]},"8":{"type":"branch","line":14,"loc":{"start":{"line":14,"column":59},"end":{"line":19,"column":73}},"locations":[{"start":{"line":14,"column":59},"end":{"line":19,"column":73}}]},"9":{"type":"branch","line":14,"loc":{"start":{"line":14,"column":59},"end":{"line":14,"column":71}},"locations":[{"start":{"line":14,"column":59},"end":{"line":14,"column":71}}]},"10":{"type":"branch","line":14,"loc":{"start":{"line":14,"column":65},"end":{"line":18,"column":37}},"locations":[{"start":{"line":14,"column":65},"end":{"line":18,"column":37}}]},"11":{"type":"branch","line":18,"loc":{"start":{"line":18,"column":30},"end":{"line":19,"column":73}},"locations":[{"start":{"line":18,"column":30},"end":{"line":19,"column":73}}]},"12":{"type":"branch","line":19,"loc":{"start":{"line":19,"column":71},"end":{"line":20,"column":39}},"locations":[{"start":{"line":19,"column":71},"end":{"line":20,"column":39}}]},"13":{"type":"branch","line":20,"loc":{"start":{"line":20,"column":20},"end":{"line":20,"column":39}},"locations":[{"start":{"line":20,"column":20},"end":{"line":20,"column":39}}]},"14":{"type":"branch","line":22,"loc":{"start":{"line":22,"column":55},"end":{"line":24,"column":38}},"locations":[{"start":{"line":22,"column":55},"end":{"line":24,"column":38}}]},"15":{"type":"branch","line":22,"loc":{"start":{"line":22,"column":24},"end":{"line":22,"column":55}},"locations":[{"start":{"line":22,"column":24},"end":{"line":22,"column":55}}]}},"b":{"0":[3],"1":[7],"2":[6],"3":[5],"4":[1],"5":[5],"6":[2],"7":[0],"8":[5],"9":[1],"10":[4],"11":[0],"12":[4],"13":[0],"14":[4],"15":[4]},"fnMap":{"0":{"name":"retry","decl":{"start":{"line":4,"column":21},"end":{"line":27,"column":2}},"loc":{"start":{"line":4,"column":21},"end":{"line":27,"column":2}},"line":4},"1":{"name":"instance.interceptors.response.use.config","decl":{"start":{"line":6,"column":4},"end":{"line":6,"column":17}},"loc":{"start":{"line":6,"column":4},"end":{"line":6,"column":17}},"line":6}},"f":{"0":3,"1":7}}
,"D:\\AlyvroService\\api-service\\src\\plugins\\cache\\server.ts": {"path":"D:\\AlyvroService\\api-service\\src\\plugins\\cache\\server.ts","all":false,"statementMap":{"2":{"start":{"line":3,"column":0},"end":{"line":3,"column":62}},"4":{"start":{"line":5,"column":0},"end":{"line":5,"column":50}},"5":{"start":{"line":6,"column":0},"end":{"line":6,"column":69}},"7":{"start":{"line":8,"column":0},"end":{"line":8,"column":40}},"8":{"start":{"line":9,"column":0},"end":{"line":9,"column":44}},"9":{"start":{"line":10,"column":0},"end":{"line":10,"column":56}},"10":{"start":{"line":11,"column":0},"end":{"line":11,"column":18}},"11":{"start":{"line":12,"column":0},"end":{"line":12,"column":5}},"12":{"start":{"line":13,"column":0},"end":{"line":13,"column":58}},"13":{"start":{"line":14,"column":0},"end":{"line":14,"column":16}},"14":{"start":{"line":15,"column":0},"end":{"line":15,"column":4}},"16":{"start":{"line":17,"column":0},"end":{"line":17,"column":28}},"17":{"start":{"line":18,"column":0},"end":{"line":18,"column":37}},"18":{"start":{"line":19,"column":0},"end":{"line":19,"column":29}},"19":{"start":{"line":20,"column":0},"end":{"line":20,"column":4}},"20":{"start":{"line":21,"column":0},"end":{"line":21,"column":2}}},"s":{"2":1,"4":1,"5":1,"7":1,"8":6,"9":6,"10":2,"11":2,"12":4,"13":4,"14":6,"16":1,"17":4,"18":4,"19":4,"20":1},"branchMap":{"0":{"type":"branch","line":8,"loc":{"start":{"line":8,"column":7},"end":{"line":15,"column":4}},"locations":[{"start":{"line":8,"column":7},"end":{"line":15,"column":4}}]},"1":{"type":"branch","line":9,"loc":{"start":{"line":9,"column":36},"end":{"line":9,"column":44}},"locations":[{"start":{"line":9,"column":36},"end":{"line":9,"column":44}}]},"2":{"type":"branch","line":10,"loc":{"start":{"line":10,"column":55},"end":{"line":12,"column":5}},"locations":[{"start":{"line":10,"column":55},"end":{"line":12,"column":5}}]},"3":{"type":"branch","line":12,"loc":{"start":{"line":12,"column":4},"end":{"line":14,"column":16}},"locations":[{"start":{"line":12,"column":4},"end":{"line":14,"column":16}}]},"4":{"type":"branch","line":17,"loc":{"start":{"line":17,"column":9},"end":{"line":20,"column":4}},"locations":[{"start":{"line":17,"column":9},"end":{"line":20,"column":4}}]},"5":{"type":"branch","line":18,"loc":{"start":{"line":18,"column":13},"end":{"line":18,"column":37}},"locations":[{"start":{"line":18,"column":13},"end":{"line":18,"column":37}}]}},"b":{"0":[6],"1":[2],"2":[2],"3":[4],"4":[4],"5":[0]},"fnMap":{"0":{"name":"get","decl":{"start":{"line":6,"column":7},"end":{"line":6,"column":69}},"loc":{"start":{"line":6,"column":7},"end":{"line":6,"column":69}},"line":6},"1":{"name":"set","decl":{"start":{"line":8,"column":7},"end":{"line":15,"column":4}},"loc":{"start":{"line":8,"column":7},"end":{"line":15,"column":4}},"line":8},"2":{"name":"clear","decl":{"start":{"line":17,"column":9},"end":{"line":20,"column":4}},"loc":{"start":{"line":17,"column":9},"end":{"line":20,"column":4}},"line":17}},"f":{"0":0,"1":6,"2":4}}
,"D:\\AlyvroService\\api-service\\src\\server\\middleware.ts": {"path":"D:\\AlyvroService\\api-service\\src\\server\\middleware.ts","all":true,"statementMap":{"4":{"start":{"line":5,"column":0},"end":{"line":5,"column":53}},"5":{"start":{"line":6,"column":0},"end":{"line":6,"column":45}},"6":{"start":{"line":7,"column":0},"end":{"line":7,"column":34}},"7":{"start":{"line":8,"column":0},"end":{"line":8,"column":31}},"8":{"start":{"line":9,"column":0},"end":{"line":9,"column":44}},"11":{"start":{"line":12,"column":0},"end":{"line":12,"column":23}},"13":{"start":{"line":14,"column":0},"end":{"line":14,"column":35}},"14":{"start":{"line":15,"column":0},"end":{"line":15,"column":42}},"15":{"start":{"line":16,"column":0},"end":{"line":16,"column":18}},"16":{"start":{"line":17,"column":0},"end":{"line":17,"column":6}},"17":{"start":{"line":18,"column":0},"end":{"line":18,"column":43}},"18":{"start":{"line":19,"column":0},"end":{"line":19,"column":47}},"20":{"start":{"line":21,"column":0},"end":{"line":21,"column":27}},"21":{"start":{"line":22,"column":0},"end":{"line":22,"column":70}},"22":{"start":{"line":23,"column":0},"end":{"line":23,"column":3}},"24":{"start":{"line":25,"column":0},"end":{"line":25,"column":39}},"25":{"start":{"line":26,"column":0},"end":{"line":26,"column":10}},"26":{"start":{"line":27,"column":0},"end":{"line":27,"column":12}},"27":{"start":{"line":28,"column":0},"end":{"line":28,"column":5}},"28":{"start":{"line":29,"column":0},"end":{"line":29,"column":22}},"29":{"start":{"line":30,"column":0},"end":{"line":30,"column":6}},"30":{"start":{"line":31,"column":0},"end":{"line":31,"column":10}},"31":{"start":{"line":32,"column":0},"end":{"line":32,"column":4}},"33":{"start":{"line":34,"column":0},"end":{"line":34,"column":38}},"34":{"start":{"line":35,"column":0},"end":{"line":35,"column":2}},"36":{"start":{"line":37,"column":0},"end":{"line":37,"column":32}},"37":{"start":{"line":38,"column":0},"end":{"line":38,"column":15}},"38":{"start":{"line":39,"column":0},"end":{"line":39,"column":16}},"39":{"start":{"line":40,"column":0},"end":{"line":40,"column":21}},"40":{"start":{"line":41,"column":0},"end":{"line":41,"column":38}},"41":{"start":{"line":42,"column":0},"end":{"line":42,"column":6}},"42":{"start":{"line":43,"column":0},"end":{"line":43,"column":63}},"44":{"start":{"line":45,"column":0},"end":{"line":45,"column":33}},"45":{"start":{"line":46,"column":0},"end":{"line":46,"column":30}},"46":{"start":{"line":47,"column":0},"end":{"line":47,"column":7}},"47":{"start":{"line":48,"column":0},"end":{"line":48,"column":41}},"48":{"start":{"line":49,"column":0},"end":{"line":49,"column":27}},"49":{"start":{"line":50,"column":0},"end":{"line":50,"column":37}},"50":{"start":{"line":51,"column":0},"end":{"line":51,"column":27}},"51":{"start":{"line":52,"column":0},"end":{"line":52,"column":8}},"52":{"start":{"line":53,"column":0},"end":{"line":53,"column":19}},"53":{"start":{"line":54,"column":0},"end":{"line":54,"column":6}},"54":{"start":{"line":55,"column":0},"end":{"line":55,"column":3}},"56":{"start":{"line":57,"column":0},"end":{"line":57,"column":24}},"57":{"start":{"line":58,"column":0},"end":{"line":58,"column":37}},"58":{"start":{"line":59,"column":0},"end":{"line":59,"column":16}},"59":{"start":{"line":60,"column":0},"end":{"line":60,"column":14}},"60":{"start":{"line":61,"column":0},"end":{"line":61,"column":5}},"61":{"start":{"line":62,"column":0},"end":{"line":62,"column":2}},"63":{"start":{"line":64,"column":0},"end":{"line":64,"column":41}},"64":{"start":{"line":65,"column":0},"end":{"line":65,"column":15}},"65":{"start":{"line":66,"column":0},"end":{"line":66,"column":16}},"66":{"start":{"line":67,"column":0},"end":{"line":67,"column":21}},"67":{"start":{"line":68,"column":0},"end":{"line":68,"column":38}},"68":{"start":{"line":69,"column":0},"end":{"line":69,"column":3}},"69":{"start":{"line":70,"column":0},"end":{"line":70,"column":6}},"70":{"start":{"line":71,"column":0},"end":{"line":71,"column":36}},"71":{"start":{"line":72,"column":0},"end":{"line":72,"column":43}},"72":{"start":{"line":73,"column":0},"end":{"line":73,"column":5}},"73":{"start":{"line":74,"column":0},"end":{"line":74,"column":18}},"74":{"start":{"line":75,"column":0},"end":{"line":75,"column":3}},"76":{"start":{"line":77,"column":0},"end":{"line":77,"column":36}},"78":{"start":{"line":79,"column":0},"end":{"line":79,"column":52}},"80":{"start":{"line":81,"column":0},"end":{"line":81,"column":72}},"82":{"start":{"line":83,"column":0},"end":{"line":83,"column":52}},"83":{"start":{"line":84,"column":0},"end":{"line":84,"column":79}},"85":{"start":{"line":86,"column":0},"end":{"line":86,"column":7}},"86":{"start":{"line":87,"column":0},"end":{"line":87,"column":56}},"88":{"start":{"line":89,"column":0},"end":{"line":89,"column":24}},"89":{"start":{"line":90,"column":0},"end":{"line":90,"column":50}},"91":{"start":{"line":92,"column":0},"end":{"line":92,"column":13}},"92":{"start":{"line":93,"column":0},"end":{"line":93,"column":5}},"94":{"start":{"line":95,"column":0},"end":{"line":95,"column":54}},"95":{"start":{"line":96,"column":0},"end":{"line":96,"column":61}},"97":{"start":{"line":98,"column":0},"end":{"line":98,"column":54}},"98":{"start":{"line":99,"column":0},"end":{"line":99,"column":50}},"99":{"start":{"line":100,"column":0},"end":{"line":100,"column":13}},"100":{"start":{"line":101,"column":0},"end":{"line":101,"column":5}},"102":{"start":{"line":103,"column":0},"end":{"line":103,"column":54}},"104":{"start":{"line":105,"column":0},"end":{"line":105,"column":34}},"106":{"start":{"line":107,"column":0},"end":{"line":107,"column":28}},"108":{"start":{"line":109,"column":0},"end":{"line":109,"column":8}},"109":{"start":{"line":110,"column":0},"end":{"line":110,"column":51}},"110":{"start":{"line":111,"column":0},"end":{"line":111,"column":31}},"111":{"start":{"line":112,"column":0},"end":{"line":112,"column":7}},"112":{"start":{"line":113,"column":0},"end":{"line":113,"column":11}},"113":{"start":{"line":114,"column":0},"end":{"line":114,"column":58}},"114":{"start":{"line":115,"column":0},"end":{"line":115,"column":21}},"115":{"start":{"line":116,"column":0},"end":{"line":116,"column":62}},"116":{"start":{"line":117,"column":0},"end":{"line":117,"column":7}},"117":{"start":{"line":118,"column":0},"end":{"line":118,"column":5}},"119":{"start":{"line":120,"column":0},"end":{"line":120,"column":35}},"120":{"start":{"line":121,"column":0},"end":{"line":121,"column":47}},"122":{"start":{"line":123,"column":0},"end":{"line":123,"column":11}},"123":{"start":{"line":124,"column":0},"end":{"line":124,"column":36}},"124":{"start":{"line":125,"column":0},"end":{"line":125,"column":24}},"126":{"start":{"line":127,"column":0},"end":{"line":127,"column":24}},"127":{"start":{"line":128,"column":0},"end":{"line":128,"column":12}},"128":{"start":{"line":129,"column":0},"end":{"line":129,"column":26}},"129":{"start":{"line":130,"column":0},"end":{"line":130,"column":5}},"131":{"start":{"line":132,"column":0},"end":{"line":132,"column":44}},"132":{"start":{"line":133,"column":0},"end":{"line":133,"column":26}},"133":{"start":{"line":134,"column":0},"end":{"line":134,"column":61}},"134":{"start":{"line":135,"column":0},"end":{"line":135,"column":13}},"135":{"start":{"line":136,"column":0},"end":{"line":136,"column":38}},"136":{"start":{"line":137,"column":0},"end":{"line":137,"column":54}},"137":{"start":{"line":138,"column":0},"end":{"line":138,"column":12}},"138":{"start":{"line":139,"column":0},"end":{"line":139,"column":52}},"139":{"start":{"line":140,"column":0},"end":{"line":140,"column":60}},"140":{"start":{"line":141,"column":0},"end":{"line":141,"column":31}},"141":{"start":{"line":142,"column":0},"end":{"line":142,"column":21}},"142":{"start":{"line":143,"column":0},"end":{"line":143,"column":25}},"143":{"start":{"line":144,"column":0},"end":{"line":144,"column":63}},"144":{"start":{"line":145,"column":0},"end":{"line":145,"column":9}},"146":{"start":{"line":147,"column":0},"end":{"line":147,"column":30}},"147":{"start":{"line":148,"column":0},"end":{"line":148,"column":7}},"148":{"start":{"line":149,"column":0},"end":{"line":149,"column":6}},"150":{"start":{"line":151,"column":0},"end":{"line":151,"column":18}},"151":{"start":{"line":152,"column":0},"end":{"line":152,"column":11}},"152":{"start":{"line":153,"column":0},"end":{"line":153,"column":48}},"153":{"start":{"line":154,"column":0},"end":{"line":154,"column":11}},"154":{"start":{"line":155,"column":0},"end":{"line":155,"column":3}},"155":{"start":{"line":156,"column":0},"end":{"line":156,"column":1}}},"s":{"4":0,"5":0,"6":0,"7":0,"8":0,"11":0,"13":0,"14":0,"15":0,"16":0,"17":0,"18":0,"20":0,"21":0,"22":0,"24":0,"25":0,"26":0,"27":0,"28":0,"29":0,"30":0,"31":0,"33":0,"34":0,"36":0,"37":0,"38":0,"39":0,"40":0,"41":0,"42":0,"44":0,"45":0,"46":0,"47":0,"48":0,"49":0,"50":0,"51":0,"52":0,"53":0,"54":0,"56":0,"57":0,"58":0,"59":0,"60":0,"61":0,"63":0,"64":0,"65":0,"66":0,"67":0,"68":0,"69":0,"70":0,"71":0,"72":0,"73":0,"74":0,"76":0,"78":0,"80":0,"82":0,"83":0,"85":0,"86":0,"88":0,"89":0,"91":0,"92":0,"94":0,"95":0,"97":0,"98":0,"99":0,"100":0,"102":0,"104":0,"106":0,"108":0,"109":0,"110":0,"111":0,"112":0,"113":0,"114":0,"115":0,"116":0,"117":0,"119":0,"120":0,"122":0,"123":0,"124":0,"126":0,"127":0,"128":0,"129":0,"131":0,"132":0,"133":0,"134":0,"135":0,"136":0,"137":0,"138":0,"139":0,"140":0,"141":0,"142":0,"143":0,"144":0,"146":0,"147":0,"148":0,"150":0,"151":0,"152":0,"153":0,"154":0,"155":0},"branchMap":{"0":{"type":"branch","line":1,"loc":{"start":{"line":1,"column":3904},"end":{"line":156,"column":1}},"locations":[{"start":{"line":1,"column":3904},"end":{"line":156,"column":1}}]}},"b":{"0":[1]},"fnMap":{"0":{"name":"(empty-report)","decl":{"start":{"line":1,"column":3904},"end":{"line":156,"column":1}},"loc":{"start":{"line":1,"column":3904},"end":{"line":156,"column":1}},"line":1}},"f":{"0":1}}
,"D:\\AlyvroService\\api-service\\src\\storage\\index.ts": {"path":"D:\\AlyvroService\\api-service\\src\\storage\\index.ts","all":true,"statementMap":{"3":{"start":{"line":4,"column":0},"end":{"line":4,"column":45}},"5":{"start":{"line":6,"column":0},"end":{"line":6,"column":54}},"6":{"start":{"line":7,"column":0},"end":{"line":7,"column":26}},"7":{"start":{"line":8,"column":0},"end":{"line":8,"column":1}},"9":{"start":{"line":10,"column":0},"end":{"line":10,"column":55}},"10":{"start":{"line":11,"column":0},"end":{"line":11,"column":24}},"11":{"start":{"line":12,"column":0},"end":{"line":12,"column":1}}},"s":{"3":0,"5":0,"6":0,"7":0,"9":0,"10":0,"11":0},"branchMap":{"0":{"type":"branch","line":1,"loc":{"start":{"line":1,"column":285},"end":{"line":12,"column":1}},"locations":[{"start":{"line":1,"column":285},"end":{"line":12,"column":1}}]}},"b":{"0":[1]},"fnMap":{"0":{"name":"(empty-report)","decl":{"start":{"line":1,"column":285},"end":{"line":12,"column":1}},"loc":{"start":{"line":1,"column":285},"end":{"line":12,"column":1}},"line":1}},"f":{"0":1}}
,"D:\\AlyvroService\\api-service\\src\\types\\api-service.ts": {"path":"D:\\AlyvroService\\api-service\\src\\types\\api-service.ts","all":true,"statementMap":{"4":{"start":{"line":5,"column":0},"end":{"line":5,"column":38}},"5":{"start":{"line":6,"column":0},"end":{"line":6,"column":29}},"7":{"start":{"line":8,"column":0},"end":{"line":8,"column":32}},"8":{"start":{"line":9,"column":0},"end":{"line":9,"column":20}},"9":{"start":{"line":10,"column":0},"end":{"line":10,"column":3}},"28":{"start":{"line":29,"column":0},"end":{"line":29,"column":1}}},"s":{"4":0,"5":0,"7":0,"8":0,"9":0,"28":0},"branchMap":{"0":{"type":"branch","line":1,"loc":{"start":{"line":1,"column":918},"end":{"line":38,"column":1}},"locations":[{"start":{"line":1,"column":918},"end":{"line":38,"column":1}}]}},"b":{"0":[1]},"fnMap":{"0":{"name":"(empty-report)","decl":{"start":{"line":1,"column":918},"end":{"line":38,"column":1}},"loc":{"start":{"line":1,"column":918},"end":{"line":38,"column":1}},"line":1}},"f":{"0":1}}
,"D:\\AlyvroService\\api-service\\src\\types\\cache.ts": {"path":"D:\\AlyvroService\\api-service\\src\\types\\cache.ts","all":true,"statementMap":{},"s":{},"branchMap":{"0":{"type":"branch","line":1,"loc":{"start":{"line":1,"column":234},"end":{"line":10,"column":2}},"locations":[{"start":{"line":1,"column":234},"end":{"line":10,"column":2}}]}},"b":{"0":[1]},"fnMap":{"0":{"name":"(empty-report)","decl":{"start":{"line":1,"column":234},"end":{"line":10,"column":2}},"loc":{"start":{"line":1,"column":234},"end":{"line":10,"column":2}},"line":1}},"f":{"0":1}}
,"D:\\AlyvroService\\api-service\\src\\types\\config.ts": {"path":"D:\\AlyvroService\\api-service\\src\\types\\config.ts","all":true,"statementMap":{},"s":{},"branchMap":{"0":{"type":"branch","line":1,"loc":{"start":{"line":1,"column":465},"end":{"line":21,"column":2}},"locations":[{"start":{"line":1,"column":465},"end":{"line":21,"column":2}}]}},"b":{"0":[1]},"fnMap":{"0":{"name":"(empty-report)","decl":{"start":{"line":1,"column":465},"end":{"line":21,"column":2}},"loc":{"start":{"line":1,"column":465},"end":{"line":21,"column":2}},"line":1}},"f":{"0":1}}
,"D:\\AlyvroService\\api-service\\src\\types\\fetch.ts": {"path":"D:\\AlyvroService\\api-service\\src\\types\\fetch.ts","all":true,"statementMap":{},"s":{},"branchMap":{"0":{"type":"branch","line":1,"loc":{"start":{"line":1,"column":155},"end":{"line":6,"column":14}},"locations":[{"start":{"line":1,"column":155},"end":{"line":6,"column":14}}]}},"b":{"0":[1]},"fnMap":{"0":{"name":"(empty-report)","decl":{"start":{"line":1,"column":155},"end":{"line":6,"column":14}},"loc":{"start":{"line":1,"column":155},"end":{"line":6,"column":14}},"line":1}},"f":{"0":1}}
,"D:\\AlyvroService\\api-service\\src\\types\\middleware.ts": {"path":"D:\\AlyvroService\\api-service\\src\\types\\middleware.ts","all":true,"statementMap":{},"s":{},"branchMap":{"0":{"type":"branch","line":1,"loc":{"start":{"line":1,"column":86},"end":{"line":4,"column":2}},"locations":[{"start":{"line":1,"column":86},"end":{"line":4,"column":2}}]}},"b":{"0":[1]},"fnMap":{"0":{"name":"(empty-report)","decl":{"start":{"line":1,"column":86},"end":{"line":4,"column":2}},"loc":{"start":{"line":1,"column":86},"end":{"line":4,"column":2}},"line":1}},"f":{"0":1}}
,"D:\\AlyvroService\\api-service\\src\\types\\retry.ts": {"path":"D:\\AlyvroService\\api-service\\src\\types\\retry.ts","all":true,"statementMap":{},"s":{},"branchMap":{"0":{"type":"branch","line":1,"loc":{"start":{"line":1,"column":255},"end":{"line":11,"column":1}},"locations":[{"start":{"line":1,"column":255},"end":{"line":11,"column":1}}]}},"b":{"0":[1]},"fnMap":{"0":{"name":"(empty-report)","decl":{"start":{"line":1,"column":255},"end":{"line":11,"column":1}},"loc":{"start":{"line":1,"column":255},"end":{"line":11,"column":1}},"line":1}},"f":{"0":1}}
,"D:\\AlyvroService\\api-service\\src\\types\\telegram.ts": {"path":"D:\\AlyvroService\\api-service\\src\\types\\telegram.ts","all":true,"statementMap":{},"s":{},"branchMap":{"0":{"type":"branch","line":1,"loc":{"start":{"line":1,"column":132},"end":{"line":6,"column":2}},"locations":[{"start":{"line":1,"column":132},"end":{"line":6,"column":2}}]}},"b":{"0":[1]},"fnMap":{"0":{"name":"(empty-report)","decl":{"start":{"line":1,"column":132},"end":{"line":6,"column":2}},"loc":{"start":{"line":1,"column":132},"end":{"line":6,"column":2}},"line":1}},"f":{"0":1}}
,"D:\\AlyvroService\\api-service\\src\\utils\\enc.ts": {"path":"D:\\AlyvroService\\api-service\\src\\utils\\enc.ts","all":false,"statementMap":{"1":{"start":{"line":2,"column":0},"end":{"line":2,"column":28}},"2":{"start":{"line":3,"column":0},"end":{"line":3,"column":24}},"4":{"start":{"line":5,"column":0},"end":{"line":5,"column":42}},"5":{"start":{"line":6,"column":0},"end":{"line":6,"column":66}},"6":{"start":{"line":7,"column":0},"end":{"line":7,"column":66}},"8":{"start":{"line":9,"column":0},"end":{"line":9,"column":37}},"9":{"start":{"line":10,"column":0},"end":{"line":10,"column":20}},"10":{"start":{"line":11,"column":0},"end":{"line":11,"column":20}},"11":{"start":{"line":12,"column":0},"end":{"line":12,"column":51}},"12":{"start":{"line":13,"column":0},"end":{"line":13,"column":48}},"13":{"start":{"line":14,"column":0},"end":{"line":14,"column":6}},"15":{"start":{"line":16,"column":0},"end":{"line":16,"column":10}},"16":{"start":{"line":17,"column":0},"end":{"line":17,"column":45}},"17":{"start":{"line":18,"column":0},"end":{"line":18,"column":50}},"18":{"start":{"line":19,"column":0},"end":{"line":19,"column":62}},"20":{"start":{"line":21,"column":0},"end":{"line":21,"column":46}},"21":{"start":{"line":22,"column":0},"end":{"line":22,"column":45}},"22":{"start":{"line":23,"column":0},"end":{"line":23,"column":8}},"23":{"start":{"line":24,"column":0},"end":{"line":24,"column":44}},"25":{"start":{"line":26,"column":0},"end":{"line":26,"column":40}},"26":{"start":{"line":27,"column":0},"end":{"line":27,"column":67}},"28":{"start":{"line":29,"column":0},"end":{"line":29,"column":39}},"29":{"start":{"line":30,"column":0},"end":{"line":30,"column":39}},"30":{"start":{"line":31,"column":0},"end":{"line":31,"column":23}},"31":{"start":{"line":32,"column":0},"end":{"line":32,"column":9}},"32":{"start":{"line":33,"column":0},"end":{"line":33,"column":38}},"34":{"start":{"line":35,"column":0},"end":{"line":35,"column":20}},"35":{"start":{"line":36,"column":0},"end":{"line":36,"column":21}},"36":{"start":{"line":37,"column":0},"end":{"line":37,"column":34}},"37":{"start":{"line":38,"column":0},"end":{"line":38,"column":36}},"38":{"start":{"line":39,"column":0},"end":{"line":39,"column":48}},"39":{"start":{"line":40,"column":0},"end":{"line":40,"column":64}},"40":{"start":{"line":41,"column":0},"end":{"line":41,"column":8}},"42":{"start":{"line":43,"column":0},"end":{"line":43,"column":40}},"43":{"start":{"line":44,"column":0},"end":{"line":44,"column":63}},"45":{"start":{"line":46,"column":0},"end":{"line":46,"column":37}},"46":{"start":{"line":47,"column":0},"end":{"line":47,"column":6}},"48":{"start":{"line":49,"column":0},"end":{"line":49,"column":45}},"49":{"start":{"line":50,"column":0},"end":{"line":50,"column":56}},"50":{"start":{"line":51,"column":0},"end":{"line":51,"column":56}},"51":{"start":{"line":52,"column":0},"end":{"line":52,"column":59}},"53":{"start":{"line":54,"column":0},"end":{"line":54,"column":50}},"54":{"start":{"line":55,"column":0},"end":{"line":55,"column":62}},"56":{"start":{"line":57,"column":0},"end":{"line":57,"column":46}},"57":{"start":{"line":58,"column":0},"end":{"line":58,"column":68}},"58":{"start":{"line":59,"column":0},"end":{"line":59,"column":8}},"59":{"start":{"line":60,"column":0},"end":{"line":60,"column":44}},"61":{"start":{"line":62,"column":0},"end":{"line":62,"column":47}},"62":{"start":{"line":63,"column":0},"end":{"line":63,"column":22}},"63":{"start":{"line":64,"column":0},"end":{"line":64,"column":12}},"64":{"start":{"line":65,"column":0},"end":{"line":65,"column":38}},"65":{"start":{"line":66,"column":0},"end":{"line":66,"column":8}},"66":{"start":{"line":67,"column":0},"end":{"line":67,"column":59}},"68":{"start":{"line":69,"column":0},"end":{"line":69,"column":39}},"69":{"start":{"line":70,"column":0},"end":{"line":70,"column":63}},"70":{"start":{"line":71,"column":0},"end":{"line":71,"column":25}},"71":{"start":{"line":72,"column":0},"end":{"line":72,"column":9}},"73":{"start":{"line":74,"column":0},"end":{"line":74,"column":40}},"74":{"start":{"line":75,"column":0},"end":{"line":75,"column":6}},"75":{"start":{"line":76,"column":0},"end":{"line":76,"column":4}},"76":{"start":{"line":77,"column":0},"end":{"line":77,"column":2}},"78":{"start":{"line":79,"column":0},"end":{"line":79,"column":23}}},"s":{"1":1,"2":1,"4":1,"5":13,"6":13,"8":13,"9":13,"10":0,"11":0,"12":0,"13":0,"15":13,"16":13,"17":0,"18":0,"20":0,"21":0,"22":0,"23":0,"25":0,"26":0,"28":0,"29":0,"30":0,"31":0,"32":0,"34":0,"35":0,"36":0,"37":0,"38":0,"39":0,"40":0,"42":0,"43":0,"45":0,"46":0,"48":13,"49":0,"50":0,"51":0,"53":0,"54":0,"56":0,"57":0,"58":0,"59":0,"61":0,"62":0,"63":0,"64":0,"65":0,"66":0,"68":0,"69":0,"70":0,"71":0,"73":0,"74":0,"75":13,"76":13,"78":1},"branchMap":{"0":{"type":"branch","line":5,"loc":{"start":{"line":5,"column":16},"end":{"line":77,"column":2}},"locations":[{"start":{"line":5,"column":16},"end":{"line":77,"column":2}}]},"1":{"type":"branch","line":10,"loc":{"start":{"line":10,"column":4},"end":{"line":14,"column":6}},"locations":[{"start":{"line":10,"column":4},"end":{"line":14,"column":6}}]}},"b":{"0":[13],"1":[0]},"fnMap":{"0":{"name":"Encrypt","decl":{"start":{"line":5,"column":16},"end":{"line":77,"column":2}},"loc":{"start":{"line":5,"column":16},"end":{"line":77,"column":2}},"line":5},"1":{"name":"encryptSecureBlob","decl":{"start":{"line":17,"column":23},"end":{"line":47,"column":6}},"loc":{"start":{"line":17,"column":23},"end":{"line":47,"column":6}},"line":17},"2":{"name":"decryptSecureBlob","decl":{"start":{"line":49,"column":23},"end":{"line":75,"column":6}},"loc":{"start":{"line":49,"column":23},"end":{"line":75,"column":6}},"line":49}},"f":{"0":13,"1":0,"2":0}}
,"D:\\AlyvroService\\api-service\\src\\utils\\logger.ts": {"path":"D:\\AlyvroService\\api-service\\src\\utils\\logger.ts","all":true,"statementMap":{"0":{"start":{"line":1,"column":0},"end":{"line":1,"column":66}},"1":{"start":{"line":2,"column":0},"end":{"line":2,"column":35}},"2":{"start":{"line":3,"column":0},"end":{"line":3,"column":1}}},"s":{"0":0,"1":0,"2":0},"branchMap":{"0":{"type":"branch","line":1,"loc":{"start":{"line":1,"column":106},"end":{"line":3,"column":1}},"locations":[{"start":{"line":1,"column":106},"end":{"line":3,"column":1}}]}},"b":{"0":[0]},"fnMap":{"0":{"name":"(empty-report)","decl":{"start":{"line":1,"column":106},"end":{"line":3,"column":1}},"loc":{"start":{"line":1,"column":106},"end":{"line":3,"column":1}},"line":1}},"f":{"0":0}}
}
